<?xml version="1.0" encoding="UTF-8"?>
<testng-results skipped="0" failed="0" ignored="0" total="1" passed="1">
  <reporter-output>
  </reporter-output>
  <suite name="Default suite" duration-ms="9730" started-at="2018-09-29T05:06:41Z" finished-at="2018-09-29T05:06:50Z">
    <groups>
    </groups>
    <test name="Default test" duration-ms="9730" started-at="2018-09-29T05:06:41Z" finished-at="2018-09-29T05:06:50Z">
      <class name="RestAssured.RestAssuredAPI.WeatherGetTests">
        <test-method status="PASS" signature="getWeatherDetails()[pri:0, instance:RestAssured.RestAssuredAPI.WeatherGetTests@4520ebad]" name="getWeatherDetails" duration-ms="9644" started-at="2018-09-29T10:36:41Z" finished-at="2018-09-29T10:36:50Z">
          <reporter-output>
          </reporter-output>
        </test-method> <!-- getWeatherDetails -->
      </class> <!-- RestAssured.RestAssuredAPI.WeatherGetTests -->
    </test> <!-- Default test -->
  </suite> <!-- Default suite -->
</testng-results>
